<?xml version="1.0" encoding="UTF-8"?>
<coverage generated="1739992627307" clover="3.2.0">
  <project timestamp="1739992627307" name="All files">
    <metrics statements="3" coveredstatements="3" conditionals="0" coveredconditionals="0" methods="1" coveredmethods="1" elements="4" coveredelements="4" complexity="0" loc="3" ncloc="3" packages="1" files="1" classes="1"/>
    <file name="Button.tsx" path="/Users/pablo/pablo-dev/intro-reactJs/testing-practical/practical-test-app/src/components/Botton/Button.tsx">
      <metrics statements="3" coveredstatements="3" conditionals="0" coveredconditionals="0" methods="1" coveredmethods="1"/>
      <line num="8" count="2" type="stmt"/>
      <line num="9" count="6" type="stmt"/>
      <line num="12" count="2" type="stmt"/>
    </file>
  </project>
</coverage>
