{"/Users/pablo/pablo-dev/intro-reactJs/testing-practical/practical-test-app/src/components/Botton/Button.tsx": {"path":"/Users/pablo/pablo-dev/intro-reactJs/testing-practical/practical-test-app/src/components/Botton/Button.tsx","statementMap":{"0":{"start":{"line":8,"column":38},"end":{"line":10,"column":1}},"1":{"start":{"line":9,"column":2},"end":{"line":9,"column":52}},"2":{"start":{"line":12,"column":0},"end":{"line":12,"column":22}}},"fnMap":{"0":{"name":"(anonymous_0)","decl":{"start":{"line":8,"column":38},"end":{"line":8,"column":39}},"loc":{"start":{"line":8,"column":61},"end":{"line":10,"column":1}}}},"branchMap":{},"s":{"0":2,"1":6,"2":2},"f":{"0":6},"b":{}}
}
